<?xml version="1.0" encoding="UTF-8"?>
<!-- Generated by org.testng.reporters.JUnitXMLReporter -->
<testsuite ignored="0" hostname="DESKTOP-5IPPVIC" failures="0" tests="8" name="Test" time="33.025" errors="0" timestamp="2023-05-23T14:51:59 PDT">
  <testcase classname="TestCases" name="CheckTheContactNumber" time="7.871"/>
  <testcase classname="TestCases" name="CheckTheCurrency" time="0.678"/>
  <testcase classname="TestCases" name="CheckTheHotelIsNotSelected" time="0.446"/>
  <testcase classname="TestCases" name="CheckTheLanguage" time="0.336"/>
  <testcase classname="TestCases" name="CheckTheQitafLogo" time="0.283"/>
  <testcase classname="TestCases" name="FlightDepartureDate" time="0.261"/>
  <testcase classname="TestCases" name="FlightReturnDate" time="0.24"/>
  <testcase classname="TestCases" name="RandomCheckTheWebsiteLanguage" time="10.421"/>
</testsuite> <!-- Test -->
