<?xml version="1.0" encoding="UTF-8"?>
<testng-results ignored="0" total="13" passed="13" failed="0" skipped="0">
  <reporter-output>
  </reporter-output>
  <suite started-at="2023-06-24T11:28:53 PDT" name="Default suite" finished-at="2023-06-24T11:29:42 PDT" duration-ms="49242">
    <groups>
    </groups>
    <test started-at="2023-06-24T11:28:53 PDT" name="Default test" finished-at="2023-06-24T11:29:42 PDT" duration-ms="49242">
      <class name="TestCases">
        <test-method is-config="true" signature="myBeforeTest()[pri:0, instance:TestCases@1d035be3]" started-at="2023-06-24T11:28:53 PDT" name="myBeforeTest" finished-at="2023-06-24T11:28:57 PDT" duration-ms="3729" status="PASS">
          <reporter-output>
          </reporter-output>
        </test-method> <!-- myBeforeTest -->
        <test-method signature="CheckTheLanguage()[pri:1, instance:TestCases@1d035be3]" started-at="2023-06-24T11:28:57 PDT" name="CheckTheLanguage" description="Qustion 2 : test number 1" finished-at="2023-06-24T11:28:57 PDT" duration-ms="86" status="PASS">
          <reporter-output>
          </reporter-output>
        </test-method> <!-- CheckTheLanguage -->
        <test-method signature="CheckTheCurrency()[pri:2, instance:TestCases@1d035be3]" started-at="2023-06-24T11:28:57 PDT" name="CheckTheCurrency" description="Qustion 2 : test number 2" finished-at="2023-06-24T11:28:57 PDT" duration-ms="50" status="PASS">
          <reporter-output>
          </reporter-output>
        </test-method> <!-- CheckTheCurrency -->
        <test-method signature="CheckTheContactNumber()[pri:3, instance:TestCases@1d035be3]" started-at="2023-06-24T11:28:57 PDT" name="CheckTheContactNumber" description="Qustion 2 : test number 3" finished-at="2023-06-24T11:28:57 PDT" duration-ms="51" status="PASS">
          <reporter-output>
          </reporter-output>
        </test-method> <!-- CheckTheContactNumber -->
        <test-method signature="CheckTheQitafLogo()[pri:4, instance:TestCases@1d035be3]" started-at="2023-06-24T11:28:57 PDT" name="CheckTheQitafLogo" description="Qustion 2 : test number 4" finished-at="2023-06-24T11:28:57 PDT" duration-ms="106" status="PASS">
          <reporter-output>
          </reporter-output>
        </test-method> <!-- CheckTheQitafLogo -->
        <test-method signature="CheckTheHotelIsNotSelected()[pri:5, instance:TestCases@1d035be3]" started-at="2023-06-24T11:28:57 PDT" name="CheckTheHotelIsNotSelected" description="Qustion 2 : test number 5" finished-at="2023-06-24T11:28:57 PDT" duration-ms="86" status="PASS">
          <reporter-output>
          </reporter-output>
        </test-method> <!-- CheckTheHotelIsNotSelected -->
        <test-method signature="FlightDepartureDate()[pri:6, instance:TestCases@1d035be3]" started-at="2023-06-24T11:28:57 PDT" name="FlightDepartureDate" description="Qustion 2 : test number 6" finished-at="2023-06-24T11:28:58 PDT" duration-ms="104" status="PASS">
          <reporter-output>
          </reporter-output>
        </test-method> <!-- FlightDepartureDate -->
        <test-method signature="FlightReturnDate()[pri:7, instance:TestCases@1d035be3]" started-at="2023-06-24T11:28:58 PDT" name="FlightReturnDate" description="Qustion 2 : test number 7" finished-at="2023-06-24T11:28:58 PDT" duration-ms="91" status="PASS">
          <reporter-output>
          </reporter-output>
        </test-method> <!-- FlightReturnDate -->
        <test-method signature="RandomCheckTheWebsiteLanguage()[pri:8, instance:TestCases@1d035be3]" started-at="2023-06-24T11:28:58 PDT" name="RandomCheckTheWebsiteLanguage" description="Qustion 3" finished-at="2023-06-24T11:28:59 PDT" duration-ms="1674" status="PASS">
          <reporter-output>
          </reporter-output>
        </test-method> <!-- RandomCheckTheWebsiteLanguage -->
        <test-method signature="Test_The_hotel_tab()[pri:9, instance:TestCases@1d035be3]" started-at="2023-06-24T11:28:59 PDT" name="Test_The_hotel_tab" description="Qustion 4" finished-at="2023-06-24T11:29:14 PDT" duration-ms="14410" status="PASS">
          <reporter-output>
          </reporter-output>
        </test-method> <!-- Test_The_hotel_tab -->
        <test-method signature="Randomly_select_number_of_vistor()[pri:10, instance:TestCases@1d035be3]" started-at="2023-06-24T11:29:14 PDT" name="Randomly_select_number_of_vistor" description="Qustion 5 " finished-at="2023-06-24T11:29:26 PDT" duration-ms="12144" status="PASS">
          <reporter-output>
          </reporter-output>
        </test-method> <!-- Randomly_select_number_of_vistor -->
        <test-method signature="search_hotel()[pri:11, instance:TestCases@1d035be3]" started-at="2023-06-24T11:29:26 PDT" name="search_hotel" description="Qustion 6 " finished-at="2023-06-24T11:29:28 PDT" duration-ms="2094" status="PASS">
          <reporter-output>
          </reporter-output>
        </test-method> <!-- search_hotel -->
        <test-method signature="done_searching()[pri:12, instance:TestCases@1d035be3]" started-at="2023-06-24T11:29:28 PDT" name="done_searching" description="Qustion 7 " finished-at="2023-06-24T11:29:37 PDT" duration-ms="9264" status="PASS">
          <reporter-output>
          </reporter-output>
        </test-method> <!-- done_searching -->
        <test-method signature="sorting_from_lowe_to_hight()[pri:13, instance:TestCases@1d035be3]" started-at="2023-06-24T11:29:37 PDT" name="sorting_from_lowe_to_hight" description="Qustion 8 " finished-at="2023-06-24T11:29:42 PDT" duration-ms="5221" status="PASS">
          <reporter-output>
          </reporter-output>
        </test-method> <!-- sorting_from_lowe_to_hight -->
        <test-method is-config="true" signature="afterTest()[pri:0, instance:TestCases@1d035be3]" started-at="2023-06-24T11:29:42 PDT" name="afterTest" finished-at="2023-06-24T11:29:42 PDT" duration-ms="0" status="PASS">
          <reporter-output>
          </reporter-output>
        </test-method> <!-- afterTest -->
      </class> <!-- TestCases -->
    </test> <!-- Default test -->
  </suite> <!-- Default suite -->
</testng-results>
